2018-07-13 21:47:22 INFO  LeanFTHelper:28 - SDK Initialized
2018-07-13 21:47:23 INFO  LeanFTHelper:56 - Browser Launched
2018-07-13 21:47:25 DEBUG FlightDetails:69 - Home Page Found = true
2018-07-13 21:47:25 DEBUG FlightDetails:135 - Entering Credentials
2018-07-13 21:47:29 DEBUG FlightDetails:152 - Logged in found = true
2018-07-13 21:47:29 DEBUG FlightDetails:141 - Logged in = true
2018-07-13 21:47:29 DEBUG FlightDetails:152 - Logged in found = true
2018-07-13 21:47:29 DEBUG FlightDetails:152 - Logged in found = true
2018-07-13 21:47:29 DEBUG FlightDetails:164 - Sign Off Clicked
2018-07-13 21:47:32 DEBUG FlightDetails:175 - Logged out = true
2018-07-13 21:47:32 DEBUG FlightDetails:175 - Logged out = true
2018-07-13 21:47:34 INFO  LeanFTHelper:56 - Browser Launched
2018-07-13 21:47:35 DEBUG FlightDetails:69 - Home Page Found = true
2018-07-13 21:47:35 DEBUG FlightDetails:135 - Entering Credentials
2018-07-13 21:47:40 DEBUG FlightDetails:152 - Logged in found = true
2018-07-13 21:47:40 DEBUG FlightDetails:141 - Logged in = true
2018-07-13 21:47:40 DEBUG FlightDetails:152 - Logged in found = true
2018-07-13 21:47:40 DEBUG FlightDetails:152 - Logged in found = true
2018-07-13 21:47:40 DEBUG FlightDetails:164 - Sign Off Clicked
2018-07-13 21:47:42 DEBUG FlightDetails:175 - Logged out = true
2018-07-13 21:47:42 DEBUG FlightDetails:175 - Logged out = true
2018-09-24 15:13:54 INFO  LeanFTHelper:28 - SDK Initialized
2018-09-24 15:14:03 INFO  LeanFTHelper:56 - Browser Launched
2018-09-24 15:18:39 INFO  LeanFTHelper:28 - SDK Initialized
2018-09-24 15:18:41 INFO  LeanFTHelper:56 - Browser Launched
2018-09-24 15:20:08 INFO  LeanFTHelper:28 - SDK Initialized
2018-09-24 15:20:09 INFO  LeanFTHelper:56 - Browser Launched
2018-09-24 15:21:30 INFO  LeanFTHelper:28 - SDK Initialized
2018-09-24 15:21:31 INFO  LeanFTHelper:56 - Browser Launched
2018-09-24 15:24:54 INFO  LeanFTHelper:28 - SDK Initialized
2018-09-24 15:24:55 INFO  LeanFTHelper:56 - Browser Launched
2018-09-24 15:26:06 INFO  LeanFTHelper:28 - SDK Initialized
2018-09-24 15:26:07 INFO  LeanFTHelper:56 - Browser Launched
2018-09-24 15:27:09 INFO  LeanFTHelper:28 - SDK Initialized
2018-09-24 15:27:10 INFO  LeanFTHelper:56 - Browser Launched
2018-09-24 16:25:22 INFO  LeanFTHelper:28 - SDK Initialized
2018-09-24 16:25:23 INFO  LeanFTHelper:56 - Browser Launched
2018-09-24 16:26:47 INFO  LeanFTHelper:28 - SDK Initialized
2018-09-24 16:26:48 INFO  LeanFTHelper:56 - Browser Launched
2018-09-24 16:29:47 INFO  LeanFTHelper:28 - SDK Initialized
2018-09-24 16:29:48 INFO  LeanFTHelper:56 - Browser Launched
2018-09-24 16:30:58 INFO  LeanFTHelper:28 - SDK Initialized
2018-09-24 16:31:00 INFO  LeanFTHelper:56 - Browser Launched
2018-09-24 16:57:26 INFO  LeanFTHelper:28 - SDK Initialized
2018-09-24 16:57:27 INFO  LeanFTHelper:56 - Browser Launched
2018-09-24 16:57:28 INFO  BasePage:28 - Application Model Intitialized
2018-09-24 16:57:32 INFO  BasePage:28 - Application Model Intitialized
2018-09-24 16:57:32 INFO  BasePage:28 - Application Model Intitialized
2018-09-24 16:57:35 INFO  BasePage:28 - Application Model Intitialized
2018-09-24 16:57:36 INFO  BasePage:28 - Application Model Intitialized
2018-09-24 16:57:37 INFO  BasePage:28 - Application Model Intitialized
2018-09-24 16:57:37 INFO  BasePage:28 - Application Model Intitialized
2018-09-24 16:57:39 INFO  BasePage:28 - Application Model Intitialized
2018-09-24 17:08:03 INFO  LeanFTHelper:28 - LeanFT SDK Initialized
2018-09-24 17:08:05 INFO  LeanFTHelper:56 - Chrome Browser Launched 
2018-09-24 17:08:08 INFO  StepDefinitions:66 - Navigated to Home Page
2018-09-24 17:08:09 INFO  StepDefinitions:75 - Clicked on Register Link
2018-09-24 17:08:12 INFO  StepDefinitions:86 - Contact information entered
2018-09-24 17:08:14 INFO  StepDefinitions:98 - Mailing information entered
2018-09-24 17:08:14 INFO  StepDefinitions:108 - User information entered
2018-09-24 17:08:14 INFO  StepDefinitions:116 - Clicked on Rgister button to submit form
2018-09-24 17:08:20 INFO  StepDefinitions:124 - UserName generated
2018-09-24 17:08:20 INFO  StepDefinitions:133 - Actual User Name is neo@test.com
